<?xml version="1.0" encoding="UTF-8"?>
<!-- Generated by org.testng.reporters.JUnitReportReporter -->
<testsuite hostname="DESKTOP-2ECKLBA" failures="0" tests="1" name="testCase.HomePage" time="5.702" errors="0" timestamp="2025-07-27T15:30:19 IST" skipped="0">
  <testcase classname="testCase.HomePage" name="Registestep" time="5.702"/>
</testsuite> <!-- testCase.HomePage -->
