<?xml version="1.0" encoding="UTF-8"?>
<!-- Generated by org.testng.reporters.JUnitReportReporter -->
<testsuite hostname="DESKTOP-2ECKLBA" failures="0" tests="1" name="testCase.Hometest" time="2.812" errors="0" timestamp="2025-07-27T15:43:26 IST" skipped="0">
  <testcase classname="testCase.Hometest" name="Registestep" time="2.812"/>
</testsuite> <!-- testCase.Hometest -->
