<?xml version="1.0" encoding="UTF-8"?>
<!-- Generated by org.testng.reporters.JUnitReportReporter -->
<testsuite hostname="DESKTOP-2ECKLBA" failures="0" tests="1" name="testBase.LoginTest" time="1.462" errors="0" timestamp="2025-07-26T13:15:29 IST" skipped="0">
  <testcase classname="testBase.LoginTest" name="Registestep" time="1.462"/>
</testsuite> <!-- testBase.LoginTest -->
