<?xml version="1.0" encoding="UTF-8"?>
<!-- Generated by org.testng.reporters.JUnitReportReporter -->
<testsuite hostname="DESKTOP-2ECKLBA" failures="0" tests="1" name="testCase.Hometest" time="4.054" errors="0" timestamp="2025-07-27T20:02:30 IST" skipped="0">
  <testcase classname="testCase.Hometest" name="Registestep" time="4.054"/>
</testsuite> <!-- testCase.Hometest -->
